0 info it worked if it ends with ok
1 verbose cli [ 'C:\\Program Files\\nodejs\\node.exe',
1 verbose cli   'C:\\Users\\liauw\\AppData\\Roaming\\npm\\node_modules\\npm\\bin\\npm-cli.js',
1 verbose cli   'run',
1 verbose cli   'tsc:w' ]
2 info using npm@3.10.7
3 info using node@v6.5.0
4 verbose run-script [ 'pretsc:w', 'tsc:w', 'posttsc:w' ]
5 info lifecycle angular2-tour-of-heroes@1.0.0~pretsc:w: angular2-tour-of-heroes@1.0.0
6 silly lifecycle angular2-tour-of-heroes@1.0.0~pretsc:w: no script for pretsc:w, continuing
7 info lifecycle angular2-tour-of-heroes@1.0.0~tsc:w: angular2-tour-of-heroes@1.0.0
8 verbose lifecycle angular2-tour-of-heroes@1.0.0~tsc:w: unsafe-perm in lifecycle true
9 verbose lifecycle angular2-tour-of-heroes@1.0.0~tsc:w: PATH: C:\Users\liauw\AppData\Roaming\npm\node_modules\npm\bin\node-gyp-bin;F:\H5Workstation\angular2-tour-of-heroes\node_modules\.bin;C:\Users\liauw\AppData\Roaming\npm\node_modules\npm\bin\node-gyp-bin;F:\H5Workstation\angular2-tour-of-heroes\node_modules\.bin;C:\Program Files\Java\jdk1.8.0_71\bin;C:\Program Files (x86)\NVIDIA Corporation\PhysX\Common;C:\WINDOWS\system32;C:\WINDOWS;C:\WINDOWS\System32\Wbem;C:\WINDOWS\System32\WindowsPowerShell\v1.0\;C:\Program Files (x86)\Intel\OpenCL SDK\2.0\bin\x86;C:\Program Files (x86)\Intel\OpenCL SDK\2.0\bin\x64;C:\Users\liauw\.dnx\bin;C:\Program Files\Microsoft DNX\Dnvm\;C:\Program Files (x86)\Skype\Phone\;C:\Python27;C:\Program Files\Microsoft\Web Platform Installer\;C:\Program Files\Git\bin;F:\android-sdk\platform-tools;F:\android-sdk\tools;;C:\WINDOWS\system32;C:\WINDOWS;C:\WINDOWS\System32\Wbem;C:\WINDOWS\System32\WindowsPowerShell\v1.0\;C:\Program Files\nodejs\;C:\Users\liauw\AppData\Roaming\npm;C:\Program Files (x86)\Microsoft VS Code\bin
10 verbose lifecycle angular2-tour-of-heroes@1.0.0~tsc:w: CWD: F:\H5Workstation\angular2-tour-of-heroes
11 silly lifecycle angular2-tour-of-heroes@1.0.0~tsc:w: Args: [ '/d /s /c', 'tsc -w' ]
12 silly lifecycle angular2-tour-of-heroes@1.0.0~tsc:w: Returned: code: 3221225786  signal: null
13 info lifecycle angular2-tour-of-heroes@1.0.0~tsc:w: Failed to exec tsc:w script
14 verbose stack Error: angular2-tour-of-heroes@1.0.0 tsc:w: `tsc -w`
14 verbose stack Exit status 3221225786
14 verbose stack     at EventEmitter.<anonymous> (C:\Users\liauw\AppData\Roaming\npm\node_modules\npm\lib\utils\lifecycle.js:255:16)
14 verbose stack     at emitTwo (events.js:106:13)
14 verbose stack     at EventEmitter.emit (events.js:191:7)
14 verbose stack     at ChildProcess.<anonymous> (C:\Users\liauw\AppData\Roaming\npm\node_modules\npm\lib\utils\spawn.js:40:14)
14 verbose stack     at emitTwo (events.js:106:13)
14 verbose stack     at ChildProcess.emit (events.js:191:7)
14 verbose stack     at maybeClose (internal/child_process.js:877:16)
14 verbose stack     at Process.ChildProcess._handle.onexit (internal/child_process.js:226:5)
15 verbose pkgid angular2-tour-of-heroes@1.0.0
16 verbose cwd F:\H5Workstation\angular2-tour-of-heroes
17 error Windows_NT 10.0.10586
18 error argv "C:\\Program Files\\nodejs\\node.exe" "C:\\Users\\liauw\\AppData\\Roaming\\npm\\node_modules\\npm\\bin\\npm-cli.js" "run" "tsc:w"
19 error node v6.5.0
20 error npm  v3.10.7
21 error code ELIFECYCLE
22 error angular2-tour-of-heroes@1.0.0 tsc:w: `tsc -w`
22 error Exit status 3221225786
23 error Failed at the angular2-tour-of-heroes@1.0.0 tsc:w script 'tsc -w'.
23 error Make sure you have the latest version of node.js and npm installed.
23 error If you do, this is most likely a problem with the angular2-tour-of-heroes package,
23 error not with npm itself.
23 error Tell the author that this fails on your system:
23 error     tsc -w
23 error You can get information on how to open an issue for this project with:
23 error     npm bugs angular2-tour-of-heroes
23 error Or if that isn't available, you can get their info via:
23 error     npm owner ls angular2-tour-of-heroes
23 error There is likely additional logging output above.
24 verbose exit [ 1, true ]
